Build started 09/01/2017 00:49:57.
     1>Project "D:\Ryan Lewin\Uni\Graphics 1\TinyRaster\TinyRaster\TinyRaster\TinyRaster.vcxproj" on node 2 (Build target(s)).
     1>ClCompile:
         C:\Program Files (x86)\Microsoft Visual Studio 14.0\VC\bin\CL.exe /c /Zi /nologo /W3 /WX- /sdl /O2 /Oi /Oy- /GL /D WIN32 /D NDEBUG /D _WINDOWS /D _UNICODE /D UNICODE /Gm- /EHsc /MD /GS /Gy /fp:precise /Zc:wchar_t /Zc:forScope /Zc:inline /Fo"Release\\" /Fd"Release\vc140.pdb" /Gd /TP /analyze- /errorReport:prompt Rasterizer.cpp
         Rasterizer.cpp
     1>Rasterizer.cpp(83): warning C4244: 'argument': conversion from 'double' to 'float', possible loss of data
     1>Rasterizer.cpp(132): warning C4244: 'initializing': conversion from 'float' to 'int', possible loss of data
     1>Rasterizer.cpp(133): warning C4244: 'initializing': conversion from 'float' to 'int', possible loss of data
     1>Rasterizer.cpp(171): warning C4244: 'initializing': conversion from 'float' to 'int', possible loss of data
     1>Rasterizer.cpp(172): warning C4244: 'initializing': conversion from 'float' to 'int', possible loss of data
     1>Rasterizer.cpp(179): warning C4244: 'initializing': conversion from 'float' to 'int', possible loss of data
     1>Rasterizer.cpp(180): warning C4244: 'initializing': conversion from 'float' to 'int', possible loss of data
     1>Rasterizer.cpp(186): warning C4244: 'initializing': conversion from 'float' to 'int', possible loss of data
     1>Rasterizer.cpp(206): warning C4244: '=': conversion from 'float' to 'int', possible loss of data
     1>Rasterizer.cpp(223): warning C4244: '=': conversion from 'int' to 'float', possible loss of data
     1>Rasterizer.cpp(224): warning C4244: '=': conversion from 'int' to 'float', possible loss of data
     1>Rasterizer.cpp(228): warning C4244: '=': conversion from 'int' to 'float', possible loss of data
     1>Rasterizer.cpp(229): warning C4244: '=': conversion from 'int' to 'float', possible loss of data
     1>Rasterizer.cpp(313): warning C4244: '=': conversion from 'float' to 'int', possible loss of data
     1>Rasterizer.cpp(315): warning C4244: '=': conversion from 'float' to 'int', possible loss of data
     1>Rasterizer.cpp(357): warning C4244: 'initializing': conversion from 'float' to 'int', possible loss of data
     1>Rasterizer.cpp(360): warning C4018: '<': signed/unsigned mismatch
     1>Rasterizer.cpp(401): warning C4244: 'argument': conversion from 'int' to 'float', possible loss of data
     1>Rasterizer.cpp(404): warning C4244: 'argument': conversion from 'int' to 'float', possible loss of data
     1>Rasterizer.cpp(429): warning C4244: '=': conversion from 'float' to 'int', possible loss of data
     1>Rasterizer.cpp(431): warning C4244: '=': conversion from 'float' to 'int', possible loss of data
     1>Rasterizer.cpp(473): warning C4244: 'initializing': conversion from 'float' to 'int', possible loss of data
     1>Rasterizer.cpp(476): warning C4018: '<': signed/unsigned mismatch
     1>Rasterizer.cpp(502): warning C4244: '=': conversion from 'int' to 'float', possible loss of data
     1>Rasterizer.cpp(503): warning C4244: '=': conversion from 'int' to 'float', possible loss of data
     1>Rasterizer.cpp(535): warning C4244: 'argument': conversion from 'int' to 'float', possible loss of data
     1>Rasterizer.cpp(538): warning C4244: 'argument': conversion from 'int' to 'float', possible loss of data
     1>Rasterizer.cpp(555): warning C4305: 'initializing': truncation from 'double' to 'float'
     1>Rasterizer.cpp(557): warning C4244: 'initializing': conversion from 'float' to 'int', possible loss of data
     1>Rasterizer.cpp(558): warning C4244: 'initializing': conversion from 'float' to 'int', possible loss of data
     1>Rasterizer.cpp(559): warning C4244: 'initializing': conversion from 'const float' to 'int', possible loss of data
     1>Rasterizer.cpp(563): warning C4244: '=': conversion from 'int' to 'float', possible loss of data
     1>Rasterizer.cpp(564): warning C4244: '=': conversion from 'int' to 'float', possible loss of data
     1>Rasterizer.cpp(577): warning C4244: '=': conversion from 'int' to 'float', possible loss of data
     1>Rasterizer.cpp(578): warning C4244: '=': conversion from 'int' to 'float', possible loss of data
       Link:
         C:\Program Files (x86)\Microsoft Visual Studio 14.0\VC\bin\link.exe /ERRORREPORT:PROMPT /OUT:"D:\Ryan Lewin\Uni\Graphics 1\TinyRaster\TinyRaster\Release\TinyRaster.exe" /INCREMENTAL:NO /NOLOGO kernel32.lib user32.lib gdi32.lib winspool.lib comdlg32.lib advapi32.lib shell32.lib ole32.lib oleaut32.lib uuid.lib odbc32.lib odbccp32.lib /MANIFEST /MANIFESTUAC:"level='asInvoker' uiAccess='false'" /manifest:embed /Debug /PDB:"D:\Ryan Lewin\Uni\Graphics 1\TinyRaster\TinyRaster\Release\TinyRaster.pdb" /SUBSYSTEM:WINDOWS /OPT:REF /OPT:ICF /LTCG:incremental /TLBID:1 /DYNAMICBASE /NXCOMPAT /IMPLIB:"D:\Ryan Lewin\Uni\Graphics 1\TinyRaster\TinyRaster\Release\TinyRaster.lib" /MACHINE:X86 /SAFESEH Release\TinyRaster.res
         Release\AssignmentTests.obj
         Release\Framebuffer.obj
         Release\TestApplication.obj
         Release\AppWindow.obj
         Release\Rasterizer.obj
         Release\TinyRasterMain.obj
         Release\Vector2.obj
         Release\Vector3.obj
         Release\Vector4.obj
         Generating code
         3 of 381 functions ( 0.8%) were compiled, the rest were copied from previous compilation.
           0 functions were new in current compilation
           8 functions had inline decision re-evaluated but remain unchanged
         Finished generating code
         TinyRaster.vcxproj -> D:\Ryan Lewin\Uni\Graphics 1\TinyRaster\TinyRaster\Release\TinyRaster.exe
     1>Done Building Project "D:\Ryan Lewin\Uni\Graphics 1\TinyRaster\TinyRaster\TinyRaster\TinyRaster.vcxproj" (Build target(s)).

Build succeeded.

Time Elapsed 00:00:01.47
